#
# There is insufficient memory for the Java Runtime Environment to continue.
# Native memory allocation (mmap) failed to map 132120576 bytes for Failed to commit area from 0x0000000082c00000 to 0x000000008aa00000 of length 132120576.
# Possible reasons:
#   The system is out of physical RAM or swap space
#   The process is running with CompressedOops enabled, and the Java Heap may be blocking the growth of the native heap
# Possible solutions:
#   Reduce memory load on the system
#   Increase physical memory or swap space
#   Check if swap backing store is full
#   Decrease Java heap size (-Xmx/-Xms)
#   Decrease number of Java threads
#   Decrease Java thread stack sizes (-Xss)
#   Set larger code cache with -XX:ReservedCodeCacheSize=
# This output file may be truncated or incomplete.
#
#  Out of Memory Error (./src/hotspot/os/windows/os_windows.cpp:3301), pid=15312, tid=12788
#
# JRE version:  (11.0.11+9) (build )
# Java VM: OpenJDK 64-Bit Server VM (11.0.11+9-LTS, mixed mode, sharing, tiered, compressed oops, g1 gc, windows-amd64)
# No core dump will be written. Minidumps are not enabled by default on client versions of Windows
#

---------------  S U M M A R Y ------------

Command Line: -ea -Didea.test.cyclic.buffer.size=1048576 -javaagent:C:\Program Files\JetBrains\IntelliJ IDEA Community Edition 2020.3.3\lib\idea_rt.jar=25570:C:\Program Files\JetBrains\IntelliJ IDEA Community Edition 2020.3.3\bin -Dfile.encoding=UTF-8 com.intellij.rt.junit.JUnitStarter -ideVersion5 -junit5 com.Jeanky.tienda.TiendaApplicationTests

Host: Intel(R) Celeron(R) N4000 CPU @ 1.10GHz, 2 cores, 7G,  Windows 10 , 64 bit Build 22000 (10.0.22000.120)
Time: Fri Oct 22 16:03:43 2021 Hora est. Pacífico, Sudamérica elapsed time: 0.713618 seconds (0d 0h 0m 0s)

---------------  T H R E A D  ---------------

Current thread (0x000001461971e000):  JavaThread "Unknown thread" [_thread_in_vm, id=12788, stack(0x0000002a98e00000,0x0000002a98f00000)]

Stack: [0x0000002a98e00000,0x0000002a98f00000]
Native frames: (J=compiled Java code, j=interpreted, Vv=VM code, C=native code)
V  [jvm.dll+0x5f867a]
V  [jvm.dll+0x78124e]
V  [jvm.dll+0x78291f]
V  [jvm.dll+0x782fe3]
V  [jvm.dll+0x246e88]
V  [jvm.dll+0x5f582a]
V  [jvm.dll+0x5ea325]
V  [jvm.dll+0x2fbc5c]
V  [jvm.dll+0x2fbae2]
V  [jvm.dll+0x300796]
V  [jvm.dll+0x34550f]
V  [jvm.dll+0x344f40]
V  [jvm.dll+0x2d8e88]
V  [jvm.dll+0x2d9fd6]
V  [jvm.dll+0x75c8a7]
V  [jvm.dll+0x75e02f]
V  [jvm.dll+0x352289]
V  [jvm.dll+0x73f990]
V  [jvm.dll+0x3b9c3f]
V  [jvm.dll+0x3bc141]
C  [jli.dll+0x5207]
C  [ucrtbase.dll+0x26c0c]
C  [KERNEL32.DLL+0x154e0]
C  [ntdll.dll+0x485b]


---------------  P R O C E S S  ---------------

Threads class SMR info:
_java_thread_list=0x00000146194cd610, length=0, elements={
}

Java Threads: ( => current thread )

Other Threads:
  0x0000014619737800 GCTaskThread "GC Thread#0" [stack: 0x0000002a98f00000,0x0000002a99000000] [id=2364]
  0x0000014619762800 ConcurrentGCThread "G1 Main Marker" [stack: 0x0000002a99000000,0x0000002a99100000] [id=9720]
  0x0000014619764000 ConcurrentGCThread "G1 Conc#0" [stack: 0x0000002a99100000,0x0000002a99200000] [id=12056]

[error occurred during error reporting (printing all threads), id 0xc0000005, EXCEPTION_ACCESS_VIOLATION (0xc0000005) at pc=0x00007ff8cda68547]

VM state:not at safepoint (not fully initialized)

VM Mutex/Monitor currently owned by a thread:  ([mutex/lock_event])
[0x000001461971baf0] Heap_lock - owner thread: 0x000001461971e000

Heap address: 0x0000000082c00000, size: 2004 MB, Compressed Oops mode: Non-zero based: 0x0000000082c00000
Narrow klass base: 0x0000000000000000, Narrow klass shift: 0

GC Heap History (0 events):
No events

Deoptimization events (0 events):
No events

Classes redefined (0 events):
No events

Internal exceptions (0 events):
No events

Events (1 events):
Event: 0.549 Loaded shared library C:\Users\Usuario\.jdks\corretto-11.0.11\bin\zip.dll


Dynamic libraries:
0x00007ff6f4870000 - 0x00007ff6f487d000 	C:\Users\Usuario\.jdks\corretto-11.0.11\bin\java.exe
0x00007ff9340e0000 - 0x00007ff9342e7000 	C:\WINDOWS\SYSTEM32\ntdll.dll
0x00007ff932bd0000 - 0x00007ff932c8d000 	C:\WINDOWS\System32\KERNEL32.DLL
0x00007ff9316e0000 - 0x00007ff931a54000 	C:\WINDOWS\System32\KERNELBASE.dll
0x00007ff931d30000 - 0x00007ff931e41000 	C:\WINDOWS\System32\ucrtbase.dll
0x00007ff92d770000 - 0x00007ff92d787000 	C:\Users\Usuario\.jdks\corretto-11.0.11\bin\jli.dll
0x00007ff932d00000 - 0x00007ff932eac000 	C:\WINDOWS\System32\USER32.dll
0x00007ff931b20000 - 0x00007ff931b46000 	C:\WINDOWS\System32\win32u.dll
0x00007ff9321a0000 - 0x00007ff9321c9000 	C:\WINDOWS\System32\GDI32.dll
0x00007ff9315c0000 - 0x00007ff9316d2000 	C:\WINDOWS\System32\gdi32full.dll
0x00007ff931ed0000 - 0x00007ff931f6d000 	C:\WINDOWS\System32\msvcp_win.dll
0x00007ff91bfe0000 - 0x00007ff91bff9000 	C:\Users\Usuario\.jdks\corretto-11.0.11\bin\VCRUNTIME140.dll
0x00007ff919650000 - 0x00007ff9198f5000 	C:\WINDOWS\WinSxS\amd64_microsoft.windows.common-controls_6595b64144ccf1df_6.0.22000.120_none_9d947278b86cc467\COMCTL32.dll
0x00007ff9325e0000 - 0x00007ff932683000 	C:\WINDOWS\System32\msvcrt.dll
0x00007ff9322f0000 - 0x00007ff932321000 	C:\WINDOWS\System32\IMM32.DLL
0x00007ff903070000 - 0x00007ff90310b000 	C:\Users\Usuario\.jdks\corretto-11.0.11\bin\msvcp140.dll
0x00007ff8cd780000 - 0x00007ff8ce2cc000 	C:\Users\Usuario\.jdks\corretto-11.0.11\bin\server\jvm.dll
0x00007ff933d40000 - 0x00007ff933dec000 	C:\WINDOWS\System32\ADVAPI32.dll
0x00007ff933e30000 - 0x00007ff933ecd000 	C:\WINDOWS\System32\sechost.dll
0x00007ff933ee0000 - 0x00007ff934001000 	C:\WINDOWS\System32\RPCRT4.dll
0x00007ff933e20000 - 0x00007ff933e28000 	C:\WINDOWS\System32\PSAPI.DLL
0x00007ff92ce10000 - 0x00007ff92ce19000 	C:\WINDOWS\SYSTEM32\WSOCK32.dll
0x00007ff932a10000 - 0x00007ff932a7f000 	C:\WINDOWS\System32\WS2_32.dll
0x00007ff92cc70000 - 0x00007ff92cca3000 	C:\WINDOWS\SYSTEM32\WINMM.dll
0x00007ff928980000 - 0x00007ff92898a000 	C:\WINDOWS\SYSTEM32\VERSION.dll
0x00007ff9306b0000 - 0x00007ff9306c8000 	C:\WINDOWS\SYSTEM32\kernel.appcore.dll
0x00007ff92b6b0000 - 0x00007ff92b6c0000 	C:\Users\Usuario\.jdks\corretto-11.0.11\bin\verify.dll
0x00007ff92f210000 - 0x00007ff92f431000 	C:\WINDOWS\SYSTEM32\DBGHELP.DLL
0x00007ff918180000 - 0x00007ff9181b1000 	C:\WINDOWS\SYSTEM32\dbgcore.DLL
0x00007ff931e50000 - 0x00007ff931ed0000 	C:\WINDOWS\System32\bcryptPrimitives.dll
0x00007ff91bda0000 - 0x00007ff91bdc8000 	C:\Users\Usuario\.jdks\corretto-11.0.11\bin\java.dll
0x00007ff927d00000 - 0x00007ff927d0a000 	C:\Users\Usuario\.jdks\corretto-11.0.11\bin\jimage.dll
0x00007ff91c0d0000 - 0x00007ff91c0de000 	C:\Users\Usuario\.jdks\corretto-11.0.11\bin\instrument.dll
0x00007ff91a8d0000 - 0x00007ff91a8e7000 	C:\Users\Usuario\.jdks\corretto-11.0.11\bin\zip.dll

dbghelp: loaded successfully - version: 4.0.5 - missing functions: none
symbol engine: initialized successfully - sym options: 0x614 - pdb path: .;C:\Users\Usuario\.jdks\corretto-11.0.11\bin;C:\WINDOWS\SYSTEM32;C:\WINDOWS\WinSxS\amd64_microsoft.windows.common-controls_6595b64144ccf1df_6.0.22000.120_none_9d947278b86cc467;C:\Users\Usuario\.jdks\corretto-11.0.11\bin\server

VM Arguments:
jvm_args: -ea -Didea.test.cyclic.buffer.size=1048576 -javaagent:C:\Program Files\JetBrains\IntelliJ IDEA Community Edition 2020.3.3\lib\idea_rt.jar=25570:C:\Program Files\JetBrains\IntelliJ IDEA Community Edition 2020.3.3\bin -Dfile.encoding=UTF-8 
java_command: com.intellij.rt.junit.JUnitStarter -ideVersion5 -junit5 com.Jeanky.tienda.TiendaApplicationTests
java_class_path (initial): C:\Program Files\JetBrains\IntelliJ IDEA Community Edition 2020.3.3\lib\idea_rt.jar;C:\Users\Usuario\.m2\repository\org\junit\platform\junit-platform-launcher\1.7.2\junit-platform-launcher-1.7.2.jar;C:\Program Files\JetBrains\IntelliJ IDEA Community Edition 2020.3.3\plugins\junit\lib\junit5-rt.jar;C:\Program Files\JetBrains\IntelliJ IDEA Community Edition 2020.3.3\plugins\junit\lib\junit-rt.jar;C:\Users\Usuario\Desktop\Herra Info\tienda\tienda\target\test-classes;C:\Users\Usuario\Desktop\Herra Info\tienda\tienda\target\classes;C:\Users\Usuario\.m2\repository\org\springframework\boot\spring-boot-starter-data-jpa\2.5.5\spring-boot-starter-data-jpa-2.5.5.jar;C:\Users\Usuario\.m2\repository\org\springframework\boot\spring-boot-starter-aop\2.5.5\spring-boot-starter-aop-2.5.5.jar;C:\Users\Usuario\.m2\repository\org\springframework\spring-aop\5.3.10\spring-aop-5.3.10.jar;C:\Users\Usuario\.m2\repository\org\aspectj\aspectjweaver\1.9.7\aspectjweaver-1.9.7.jar;C:\Users\Usuario\.m2\repository\org\springframework\boot\spring-boot-starter-jdbc\2.5.5\spring-boot-starter-jdbc-2.5.5.jar;C:\Users\Usuario\.m2\repository\com\zaxxer\HikariCP\4.0.3\HikariCP-4.0.3.jar;C:\Users\Usuario\.m2\repository\org\springframework\spring-jdbc\5.3.10\spring-jdbc-5.3.10.jar;C:\Users\Usuario\.m2\repository\jakarta\transaction\jakarta.transaction-api\1.3.3\jakarta.transaction-api-1.3.3.jar;C:\Users\Usuario\.m2\repository\jakarta\persistence\jakarta.persistence-api\2.2.3\jakarta.persistence-api-2.2.3.jar;C:\Users\Usuario\.m2\repository\org\hibernate\hibernate-core\5.4.32.Final\hibernate-core-5.4.32.Final.jar;C:\Users\Usuario\.m2\repository\org\jboss\logging\jboss-logging\3.4.2.Final\jboss-logging-3.4.2.Final.jar;C:\Users\Usuario\.m2\repository\org\javassist\javassist\3.27.0-GA\javassist-3.27.0-GA.jar;C:\Users\Usuario\.m2\repository\net\bytebuddy\byte-buddy\1.10.22\byte-buddy-1.10.22.jar;C:\Users\Usuario\.m2\repository\antlr\antlr\2.7.7\antlr-2.7.7.jar;C:\Users\Usuario\.m2\rep
Launcher Type: SUN_STANDARD

[Global flags]
     intx CICompilerCount                          = 2                                         {product} {ergonomic}
     uint ConcGCThreads                            = 1                                         {product} {ergonomic}
     uint G1ConcRefinementThreads                  = 2                                         {product} {ergonomic}
   size_t G1HeapRegionSize                         = 1048576                                   {product} {ergonomic}
    uintx GCDrainStackTargetSize                   = 64                                        {product} {ergonomic}
   size_t InitialHeapSize                          = 132120576                                 {product} {ergonomic}
   size_t MarkStackSize                            = 4194304                                   {product} {ergonomic}
   size_t MaxHeapSize                              = 2101346304                                {product} {ergonomic}
   size_t MinHeapDeltaBytes                        = 1048576                                   {product} {ergonomic}
    uintx NonNMethodCodeHeapSize                   = 5825164                                {pd product} {ergonomic}
    uintx NonProfiledCodeHeapSize                  = 122916538                              {pd product} {ergonomic}
    uintx ProfiledCodeHeapSize                     = 122916538                              {pd product} {ergonomic}
    uintx ReservedCodeCacheSize                    = 251658240                              {pd product} {ergonomic}
     bool SegmentedCodeCache                       = true                                      {product} {ergonomic}
     bool UseCompressedClassPointers               = true                                 {lp64_product} {ergonomic}
     bool UseCompressedOops                        = true                                 {lp64_product} {ergonomic}
     bool UseG1GC                                  = true                                      {product} {ergonomic}
     bool UseLargePagesIndividualAllocation        = false                                  {pd product} {ergonomic}

Logging:
Log output configuration:
 #0: stdout all=warning uptime,level,tags
 #1: stderr all=off uptime,level,tags

Environment Variables:
PATH=C:\Program Files\Eclipse Foundation\jdk-11.0.12.7-hotspot\bin;C:\WINDOWS\system32;C:\WINDOWS;C:\WINDOWS\System32\Wbem;C:\WINDOWS\System32\WindowsPowerShell\v1.0\;C:\WINDOWS\System32\OpenSSH\;C:\Program Files\Git\cmd;C:\Program Files\nodejs\;C:\Users\Usuario\AppData\Local\Microsoft\WindowsApps;C:\Program Files (x86)\Nmap;C:\Users\Usuario\AppData\Roaming\npm;C:\Users\Usuario\AppData\Local\Programs\Microsoft VS Code\bin;
USERNAME=Usuario
OS=Windows_NT
PROCESSOR_IDENTIFIER=Intel64 Family 6 Model 122 Stepping 1, GenuineIntel



---------------  S Y S T E M  ---------------

OS: Windows 10 , 64 bit Build 22000 (10.0.22000.120)
OS uptime: 2 days 17:14 hours
Hyper-V role detected

CPU:total 2 (initial active 2) (2 cores per cpu, 1 threads per core) family 6 model 122 stepping 1 microcode 0x34, cmov, cx8, fxsr, mmx, sse, sse2, sse3, ssse3, sse4.1, sse4.2, popcnt, aes, clmul, erms, 3dnowpref, tsc, tscinvbit, sha

Memory: 4k page, system-wide physical 8014M (1073M free)
TotalPageFile size 10783M (AvailPageFile size 111M)
current process WorkingSet (physical memory assigned to process): 10M, peak: 10M
current process commit charge ("private bytes"): 48M, peak: 173M

vm_info: OpenJDK 64-Bit Server VM (11.0.11+9-LTS) for windows-amd64 JRE (11.0.11+9-LTS), built on Apr 14 2021 00:00:20 by "Administrator" with MS VC++ 15.9 (VS2017)

END.
